
> finance-app@0.1.0 build
> next build --webpack

▲ Next.js 16.2.6 (webpack)
- Environments: .env.local

  Creating an optimized production build ...
> [PWA] Compile server
> [PWA] Compile server
> [PWA] Compile client (static)
> [PWA] Auto register service worker with: c:\Users\zalumban\finance-app\node_modules\next-pwa\register.js
> [PWA] Service worker: c:\Users\zalumban\finance-app\public\sw.js
> [PWA]   url: /sw.js
> [PWA]   scope: /
✓ Compiled successfully in 13.2s
  Running TypeScript ...
  Finished TypeScript in 6.8s ...
  Collecting page data using 7 workers ...
  Generating static pages using 7 workers (0/5) ...
  Generating static pages using 7 workers (1/5) 
  Generating static pages using 7 workers (2/5) 
  Generating static pages using 7 workers (3/5) 
✓ Generating static pages using 7 workers (5/5) in 762ms
  Finalizing page optimization ...
  Collecting build traces ...

Route (app)
┌ ○ /
├ ○ /_not-found
├ ○ /add-transaction
├ ƒ /dashboard
├ ƒ /dashboard/category/[category]
└ ƒ /edit-transaction/[id]


○  (Static)   prerendered as static content
ƒ  (Dynamic)  server-rendered on demand

